{"level":"info","message":"Executing middleware context","service":"user-service"}
{"level":"info","message":"Executing middleware customerTokenVerify","service":"user-service"}
{"level":"info","message":"Executing middleware detectCurrentCart","service":"user-service"}
{"level":"info","message":"Executing middleware auth","service":"user-service"}
{"level":"info","message":"Executing middleware meta","service":"user-service"}
{"level":"info","message":"Executing middleware bodyParser","service":"user-service"}
{"level":"info","message":"Executing middleware buildQuery","service":"user-service"}
{"level":"info","message":"Executing middleware graphql","service":"user-service"}
{"level":"info","message":"Executing middleware notification","service":"user-service"}
{"level":"info","message":"Executing middleware notFound","service":"user-service"}
{"level":"info","message":"Executing middleware response","service":"user-service"}
{"level":"info","message":"Executing middleware context","service":"user-service"}
{"level":"info","message":"Executing middleware staticAssets","service":"user-service"}
{"level":"info","message":"Executing middleware context","service":"user-service"}
{"level":"info","message":"Executing middleware staticAssets","service":"user-service"}
{"level":"info","message":"Executing middleware context","service":"user-service"}
{"level":"info","message":"Executing middleware staticAssets","service":"user-service"}
{"level":"info","message":"Executing middleware context","service":"user-service"}
{"level":"info","message":"Executing middleware staticAssets","service":"user-service"}
{"level":"info","message":"Executing middleware context","service":"user-service"}
{"level":"info","message":"Executing middleware staticAssets","service":"user-service"}
{"level":"info","message":"Executing middleware context","service":"user-service"}
{"level":"info","message":"Executing middleware customerTokenVerify","service":"user-service"}
{"level":"info","message":"Executing middleware detectCurrentCart","service":"user-service"}
{"level":"info","message":"Executing middleware auth","service":"user-service"}
{"level":"info","message":"Executing middleware bodyParser","service":"user-service"}
{"level":"info","message":"Executing middleware buildQuery","service":"user-service"}
{"level":"info","message":"Executing middleware graphql","service":"user-service"}
{"level":"info","message":"Executing middleware notification","service":"user-service"}
{"level":"info","message":"Executing middleware notFound","service":"user-service"}
{"level":"info","message":"Executing middleware response","service":"user-service"}
{"level":"info","message":"Executing middleware context","service":"user-service"}
{"level":"info","message":"Executing middleware customerTokenVerify","service":"user-service"}
{"level":"info","message":"Executing middleware detectCurrentCart","service":"user-service"}
{"level":"info","message":"Executing middleware auth","service":"user-service"}
{"level":"info","message":"Executing middleware meta","service":"user-service"}
{"level":"info","message":"Executing middleware bodyParser","service":"user-service"}
{"level":"info","message":"Executing middleware buildQuery","service":"user-service"}
{"level":"info","message":"Executing middleware graphql","service":"user-service"}
{"level":"info","message":"Executing middleware notification","service":"user-service"}
{"level":"info","message":"Executing middleware notFound","service":"user-service"}
{"level":"info","message":"Executing middleware response","service":"user-service"}
{"level":"info","message":"Executing middleware context","service":"user-service"}
{"level":"info","message":"Executing middleware staticAssets","service":"user-service"}
{"level":"info","message":"Executing middleware context","service":"user-service"}
{"level":"info","message":"Executing middleware staticAssets","service":"user-service"}
{"level":"info","message":"Executing middleware context","service":"user-service"}
{"level":"info","message":"Executing middleware staticAssets","service":"user-service"}
{"level":"info","message":"Executing middleware context","service":"user-service"}
{"level":"info","message":"Executing middleware staticAssets","service":"user-service"}
{"level":"info","message":"Executing middleware context","service":"user-service"}
{"level":"info","message":"Executing middleware staticAssets","service":"user-service"}
{"level":"info","message":"Executing middleware context","service":"user-service"}
{"level":"info","message":"Executing middleware customerTokenVerify","service":"user-service"}
{"level":"info","message":"Executing middleware detectCurrentCart","service":"user-service"}
{"level":"info","message":"Executing middleware auth","service":"user-service"}
{"level":"info","message":"Executing middleware meta","service":"user-service"}
{"level":"info","message":"Executing middleware bodyParser","service":"user-service"}
{"level":"info","message":"Executing middleware buildQuery","service":"user-service"}
{"level":"info","message":"Executing middleware graphql","service":"user-service"}
{"level":"info","message":"Executing middleware notification","service":"user-service"}
{"level":"info","message":"Executing middleware notFound","service":"user-service"}
{"level":"info","message":"Executing middleware response","service":"user-service"}
{"level":"info","message":"Executing middleware context","service":"user-service"}
{"level":"info","message":"Executing middleware staticAssets","service":"user-service"}
{"level":"info","message":"Executing middleware context","service":"user-service"}
{"level":"info","message":"Executing middleware staticAssets","service":"user-service"}
{"level":"info","message":"Executing middleware context","service":"user-service"}
{"level":"info","message":"Executing middleware staticAssets","service":"user-service"}
{"level":"info","message":"Executing middleware context","service":"user-service"}
{"level":"info","message":"Executing middleware staticAssets","service":"user-service"}
{"level":"info","message":"Executing middleware context","service":"user-service"}
{"level":"info","message":"Executing middleware staticAssets","service":"user-service"}
{"level":"info","message":"Executing middleware context","service":"user-service"}
{"level":"info","message":"Executing middleware customerTokenVerify","service":"user-service"}
{"level":"info","message":"Executing middleware detectCurrentCart","service":"user-service"}
{"level":"info","message":"Executing middleware auth","service":"user-service"}
{"level":"info","message":"Executing middleware index","service":"user-service"}
{"level":"info","message":"Executing middleware bodyParser","service":"user-service"}
{"level":"info","message":"Executing middleware buildQuery","service":"user-service"}
{"level":"info","message":"Executing middleware graphql","service":"user-service"}
{"level":"info","message":"Executing middleware notification","service":"user-service"}
{"level":"info","message":"Executing middleware notFound","service":"user-service"}
{"level":"info","message":"Executing middleware response","service":"user-service"}
{"level":"info","message":"Executing middleware context","service":"user-service"}
{"level":"info","message":"Executing middleware staticAssets","service":"user-service"}
{"level":"info","message":"Executing middleware context","service":"user-service"}
{"level":"info","message":"Executing middleware staticAssets","service":"user-service"}
{"level":"info","message":"Executing middleware context","service":"user-service"}
{"level":"info","message":"Executing middleware customerTokenVerify","service":"user-service"}
{"level":"info","message":"Executing middleware detectCurrentCart","service":"user-service"}
{"level":"info","message":"Executing middleware auth","service":"user-service"}
{"level":"info","message":"Executing middleware index","service":"user-service"}
{"level":"info","message":"Executing middleware bodyParser","service":"user-service"}
{"level":"info","message":"Executing middleware buildQuery","service":"user-service"}
{"level":"info","message":"Executing middleware graphql","service":"user-service"}
{"level":"info","message":"Executing middleware notification","service":"user-service"}
{"level":"info","message":"Executing middleware notFound","service":"user-service"}
{"level":"info","message":"Executing middleware response","service":"user-service"}
{"level":"info","message":"Executing middleware context","service":"user-service"}
{"level":"info","message":"Executing middleware staticAssets","service":"user-service"}
{"level":"info","message":"Executing middleware context","service":"user-service"}
{"level":"info","message":"Executing middleware staticAssets","service":"user-service"}
{"level":"info","message":"Executing middleware context","service":"user-service"}
{"level":"info","message":"Executing middleware customerTokenVerify","service":"user-service"}
{"level":"info","message":"Executing middleware detectCurrentCart","service":"user-service"}
{"level":"info","message":"Executing middleware auth","service":"user-service"}
{"level":"info","message":"Executing middleware index","service":"user-service"}
{"level":"info","message":"Executing middleware bodyParser","service":"user-service"}
{"level":"info","message":"Executing middleware buildQuery","service":"user-service"}
{"level":"info","message":"Executing middleware graphql","service":"user-service"}
{"level":"info","message":"Executing middleware notification","service":"user-service"}
{"level":"info","message":"Executing middleware notFound","service":"user-service"}
{"level":"info","message":"Executing middleware response","service":"user-service"}
{"level":"info","message":"Executing middleware context","service":"user-service"}
{"level":"info","message":"Executing middleware staticAssets","service":"user-service"}
{"level":"info","message":"Executing middleware context","service":"user-service"}
{"level":"info","message":"Executing middleware staticAssets","service":"user-service"}
{"level":"info","message":"Executing middleware context","service":"user-service"}
{"level":"info","message":"Executing middleware customerTokenVerify","service":"user-service"}
{"level":"info","message":"Executing middleware detectCurrentCart","service":"user-service"}
{"level":"info","message":"Executing middleware auth","service":"user-service"}
{"level":"info","message":"Executing middleware index","service":"user-service"}
{"level":"info","message":"Executing middleware bodyParser","service":"user-service"}
{"level":"info","message":"Executing middleware buildQuery","service":"user-service"}
{"level":"info","message":"Executing middleware graphql","service":"user-service"}
{"level":"info","message":"Executing middleware notification","service":"user-service"}
{"level":"info","message":"Executing middleware notFound","service":"user-service"}
{"level":"info","message":"Executing middleware response","service":"user-service"}
{"level":"info","message":"Executing middleware context","service":"user-service"}
{"level":"info","message":"Executing middleware staticAssets","service":"user-service"}
{"level":"info","message":"Executing middleware context","service":"user-service"}
{"level":"info","message":"Executing middleware staticAssets","service":"user-service"}
{"level":"info","message":"Executing middleware context","service":"user-service"}
{"level":"info","message":"Executing middleware customerTokenVerify","service":"user-service"}
{"level":"info","message":"Executing middleware detectCurrentCart","service":"user-service"}
{"level":"info","message":"Executing middleware auth","service":"user-service"}
{"level":"info","message":"Executing middleware meta","service":"user-service"}
{"level":"info","message":"Executing middleware bodyParser","service":"user-service"}
{"level":"info","message":"Executing middleware buildQuery","service":"user-service"}
{"level":"info","message":"Executing middleware graphql","service":"user-service"}
{"level":"info","message":"Executing middleware notification","service":"user-service"}
{"level":"info","message":"Executing middleware notFound","service":"user-service"}
{"level":"info","message":"Executing middleware response","service":"user-service"}
{"level":"info","message":"Executing middleware context","service":"user-service"}
{"level":"info","message":"Executing middleware staticAssets","service":"user-service"}
{"level":"info","message":"Executing middleware context","service":"user-service"}
{"level":"info","message":"Executing middleware staticAssets","service":"user-service"}
{"level":"info","message":"Executing middleware context","service":"user-service"}
{"level":"info","message":"Executing middleware staticAssets","service":"user-service"}
{"level":"info","message":"Executing middleware context","service":"user-service"}
{"level":"info","message":"Executing middleware staticAssets","service":"user-service"}
{"level":"info","message":"Executing middleware context","service":"user-service"}
{"level":"info","message":"Executing middleware staticAssets","service":"user-service"}
{"level":"info","message":"Executing middleware context","service":"user-service"}
{"level":"info","message":"Executing middleware customerTokenVerify","service":"user-service"}
{"level":"info","message":"Executing middleware detectCurrentCart","service":"user-service"}
{"level":"info","message":"Executing middleware auth","service":"user-service"}
{"level":"info","message":"Executing middleware index","service":"user-service"}
{"level":"info","message":"Executing middleware bodyParser","service":"user-service"}
{"level":"info","message":"Executing middleware buildQuery","service":"user-service"}
{"level":"info","message":"Executing middleware graphql","service":"user-service"}
{"level":"info","message":"Executing middleware notification","service":"user-service"}
{"level":"info","message":"Executing middleware notFound","service":"user-service"}
{"level":"info","message":"Executing middleware response","service":"user-service"}
{"level":"info","message":"Executing middleware context","service":"user-service"}
{"level":"info","message":"Executing middleware staticAssets","service":"user-service"}
{"level":"info","message":"Executing middleware context","service":"user-service"}
{"level":"info","message":"Executing middleware staticAssets","service":"user-service"}
{"level":"info","message":"Executing middleware context","service":"user-service"}
{"level":"info","message":"Executing middleware customerTokenVerify","service":"user-service"}
{"level":"info","message":"Executing middleware detectCurrentCart","service":"user-service"}
{"level":"info","message":"Executing middleware auth","service":"user-service"}
{"level":"info","message":"Executing middleware meta","service":"user-service"}
{"level":"info","message":"Executing middleware bodyParser","service":"user-service"}
{"level":"info","message":"Executing middleware buildQuery","service":"user-service"}
{"level":"info","message":"Executing middleware graphql","service":"user-service"}
{"level":"info","message":"Executing middleware notification","service":"user-service"}
{"level":"info","message":"Executing middleware notFound","service":"user-service"}
{"level":"info","message":"Executing middleware response","service":"user-service"}
{"level":"info","message":"Executing middleware context","service":"user-service"}
{"level":"info","message":"Executing middleware staticAssets","service":"user-service"}
{"level":"info","message":"Executing middleware context","service":"user-service"}
{"level":"info","message":"Executing middleware staticAssets","service":"user-service"}
{"level":"info","message":"Executing middleware context","service":"user-service"}
{"level":"info","message":"Executing middleware staticAssets","service":"user-service"}
{"level":"info","message":"Executing middleware context","service":"user-service"}
{"level":"info","message":"Executing middleware staticAssets","service":"user-service"}
{"level":"info","message":"Executing middleware context","service":"user-service"}
{"level":"info","message":"Executing middleware staticAssets","service":"user-service"}
{"level":"info","message":"Executing middleware context","service":"user-service"}
{"level":"info","message":"Executing middleware customerTokenVerify","service":"user-service"}
{"level":"info","message":"Executing middleware detectCurrentCart","service":"user-service"}
{"level":"info","message":"Executing middleware auth","service":"user-service"}
{"level":"info","message":"Executing middleware index","service":"user-service"}
{"level":"info","message":"Executing middleware bodyParser","service":"user-service"}
{"level":"info","message":"Executing middleware buildQuery","service":"user-service"}
{"level":"info","message":"Executing middleware graphql","service":"user-service"}
{"level":"info","message":"Executing middleware notification","service":"user-service"}
{"level":"info","message":"Executing middleware notFound","service":"user-service"}
{"level":"info","message":"Executing middleware response","service":"user-service"}
{"level":"info","message":"Executing middleware context","service":"user-service"}
{"level":"info","message":"Executing middleware staticAssets","service":"user-service"}
{"level":"info","message":"Executing middleware context","service":"user-service"}
{"level":"info","message":"Executing middleware staticAssets","service":"user-service"}
{"level":"info","message":"Executing middleware context","service":"user-service"}
{"level":"info","message":"Executing middleware customerTokenVerify","service":"user-service"}
{"level":"info","message":"Executing middleware detectCurrentCart","service":"user-service"}
{"level":"info","message":"Executing middleware auth","service":"user-service"}
{"level":"info","message":"Executing middleware index","service":"user-service"}
{"level":"info","message":"Executing middleware bodyParser","service":"user-service"}
{"level":"info","message":"Executing middleware buildQuery","service":"user-service"}
{"level":"info","message":"Executing middleware graphql","service":"user-service"}
{"level":"info","message":"Executing middleware notification","service":"user-service"}
{"level":"info","message":"Executing middleware notFound","service":"user-service"}
{"level":"info","message":"Executing middleware response","service":"user-service"}
{"level":"info","message":"Executing middleware context","service":"user-service"}
{"level":"info","message":"Executing middleware staticAssets","service":"user-service"}
{"level":"info","message":"Executing middleware context","service":"user-service"}
{"level":"info","message":"Executing middleware staticAssets","service":"user-service"}
{"level":"info","message":"Executing middleware context","service":"user-service"}
{"level":"info","message":"Executing middleware customerTokenVerify","service":"user-service"}
{"level":"info","message":"Executing middleware detectCurrentCart","service":"user-service"}
{"level":"info","message":"Executing middleware auth","service":"user-service"}
{"level":"info","message":"Executing middleware meta","service":"user-service"}
{"level":"info","message":"Executing middleware bodyParser","service":"user-service"}
{"level":"info","message":"Executing middleware buildQuery","service":"user-service"}
{"level":"info","message":"Executing middleware graphql","service":"user-service"}
{"level":"info","message":"Executing middleware notification","service":"user-service"}
{"level":"info","message":"Executing middleware notFound","service":"user-service"}
{"level":"info","message":"Executing middleware response","service":"user-service"}
{"level":"info","message":"Executing middleware context","service":"user-service"}
{"level":"info","message":"Executing middleware staticAssets","service":"user-service"}
{"level":"info","message":"Executing middleware context","service":"user-service"}
{"level":"info","message":"Executing middleware staticAssets","service":"user-service"}
{"level":"info","message":"Executing middleware context","service":"user-service"}
{"level":"info","message":"Executing middleware staticAssets","service":"user-service"}
{"level":"info","message":"Executing middleware context","service":"user-service"}
{"level":"info","message":"Executing middleware staticAssets","service":"user-service"}
{"level":"info","message":"Executing middleware context","service":"user-service"}
{"level":"info","message":"Executing middleware staticAssets","service":"user-service"}
{"level":"info","message":"Executing middleware context","service":"user-service"}
{"level":"info","message":"Executing middleware customerTokenVerify","service":"user-service"}
{"level":"info","message":"Executing middleware detectCurrentCart","service":"user-service"}
{"level":"info","message":"Executing middleware auth","service":"user-service"}
{"level":"info","message":"Executing middleware index","service":"user-service"}
{"level":"info","message":"Executing middleware bodyParser","service":"user-service"}
{"level":"info","message":"Executing middleware buildQuery","service":"user-service"}
{"level":"info","message":"Executing middleware graphql","service":"user-service"}
{"level":"info","message":"Executing middleware notification","service":"user-service"}
{"level":"info","message":"Executing middleware notFound","service":"user-service"}
{"level":"info","message":"Executing middleware response","service":"user-service"}
{"level":"info","message":"Executing middleware context","service":"user-service"}
{"level":"info","message":"Executing middleware staticAssets","service":"user-service"}
{"level":"info","message":"Executing middleware context","service":"user-service"}
{"level":"info","message":"Executing middleware staticAssets","service":"user-service"}
{"level":"info","message":"Executing middleware context","service":"user-service"}
{"level":"info","message":"Executing middleware customerTokenVerify","service":"user-service"}
{"level":"info","message":"Executing middleware detectCurrentCart","service":"user-service"}
{"level":"info","message":"Executing middleware auth","service":"user-service"}
{"level":"info","message":"Executing middleware meta","service":"user-service"}
{"level":"info","message":"Executing middleware bodyParser","service":"user-service"}
{"level":"info","message":"Executing middleware buildQuery","service":"user-service"}
{"level":"info","message":"Executing middleware graphql","service":"user-service"}
{"level":"info","message":"Executing middleware notification","service":"user-service"}
{"level":"info","message":"Executing middleware notFound","service":"user-service"}
{"level":"info","message":"Executing middleware response","service":"user-service"}
{"level":"info","message":"Executing middleware context","service":"user-service"}
{"level":"info","message":"Executing middleware staticAssets","service":"user-service"}
{"level":"info","message":"Executing middleware context","service":"user-service"}
{"level":"info","message":"Executing middleware staticAssets","service":"user-service"}
{"level":"info","message":"Executing middleware context","service":"user-service"}
{"level":"info","message":"Executing middleware staticAssets","service":"user-service"}
{"level":"info","message":"Executing middleware context","service":"user-service"}
{"level":"info","message":"Executing middleware staticAssets","service":"user-service"}
{"level":"info","message":"Executing middleware context","service":"user-service"}
{"level":"info","message":"Executing middleware staticAssets","service":"user-service"}
{"level":"info","message":"Executing middleware context","service":"user-service"}
{"level":"info","message":"Executing middleware customerTokenVerify","service":"user-service"}
{"level":"info","message":"Executing middleware detectCurrentCart","service":"user-service"}
{"level":"info","message":"Executing middleware auth","service":"user-service"}
{"level":"info","message":"Executing middleware meta","service":"user-service"}
{"level":"info","message":"Executing middleware bodyParser","service":"user-service"}
{"level":"info","message":"Executing middleware buildQuery","service":"user-service"}
{"level":"info","message":"Executing middleware graphql","service":"user-service"}
{"level":"info","message":"Executing middleware notification","service":"user-service"}
{"level":"info","message":"Executing middleware notFound","service":"user-service"}
{"level":"info","message":"Executing middleware response","service":"user-service"}
{"level":"info","message":"Executing middleware context","service":"user-service"}
{"level":"info","message":"Executing middleware staticAssets","service":"user-service"}
{"level":"info","message":"Executing middleware context","service":"user-service"}
{"level":"info","message":"Executing middleware staticAssets","service":"user-service"}
{"level":"info","message":"Executing middleware context","service":"user-service"}
{"level":"info","message":"Executing middleware staticAssets","service":"user-service"}
{"level":"info","message":"Executing middleware context","service":"user-service"}
{"level":"info","message":"Executing middleware customerTokenVerify","service":"user-service"}
{"level":"info","message":"Executing middleware detectCurrentCart","service":"user-service"}
{"level":"info","message":"Executing middleware auth","service":"user-service"}
{"level":"info","message":"Executing middleware meta","service":"user-service"}
{"level":"info","message":"Executing middleware bodyParser","service":"user-service"}
{"level":"info","message":"Executing middleware buildQuery","service":"user-service"}
{"level":"info","message":"Executing middleware graphql","service":"user-service"}
{"level":"info","message":"Executing middleware notification","service":"user-service"}
{"level":"info","message":"Executing middleware notFound","service":"user-service"}
{"level":"info","message":"Executing middleware response","service":"user-service"}
{"level":"info","message":"Executing middleware context","service":"user-service"}
{"level":"info","message":"Executing middleware staticAssets","service":"user-service"}
{"level":"info","message":"Executing middleware context","service":"user-service"}
{"level":"info","message":"Executing middleware staticAssets","service":"user-service"}
{"level":"info","message":"Executing middleware context","service":"user-service"}
{"level":"info","message":"Executing middleware staticAssets","service":"user-service"}
{"level":"info","message":"Executing middleware context","service":"user-service"}
{"level":"info","message":"Executing middleware customerTokenVerify","service":"user-service"}
{"level":"info","message":"Executing middleware detectCurrentCart","service":"user-service"}
{"level":"info","message":"Executing middleware auth","service":"user-service"}
{"level":"info","message":"Executing middleware meta","service":"user-service"}
{"level":"info","message":"Executing middleware bodyParser","service":"user-service"}
{"level":"info","message":"Executing middleware buildQuery","service":"user-service"}
{"level":"info","message":"Executing middleware graphql","service":"user-service"}
{"level":"info","message":"Executing middleware notification","service":"user-service"}
{"level":"info","message":"Executing middleware notFound","service":"user-service"}
{"level":"info","message":"Executing middleware response","service":"user-service"}
{"level":"info","message":"Executing middleware context","service":"user-service"}
{"level":"info","message":"Executing middleware staticAssets","service":"user-service"}
{"level":"info","message":"Executing middleware context","service":"user-service"}
{"level":"info","message":"Executing middleware staticAssets","service":"user-service"}
{"level":"info","message":"Executing middleware context","service":"user-service"}
{"level":"info","message":"Executing middleware staticAssets","service":"user-service"}
{"level":"info","message":"Executing middleware context","service":"user-service"}
{"level":"info","message":"Executing middleware customerTokenVerify","service":"user-service"}
{"level":"info","message":"Executing middleware detectCurrentCart","service":"user-service"}
{"level":"info","message":"Executing middleware auth","service":"user-service"}
{"level":"info","message":"Executing middleware index","service":"user-service"}
{"level":"info","message":"Executing middleware bodyParser","service":"user-service"}
{"level":"info","message":"Executing middleware buildQuery","service":"user-service"}
{"level":"info","message":"Executing middleware graphql","service":"user-service"}
{"level":"info","message":"Executing middleware notification","service":"user-service"}
{"level":"info","message":"Executing middleware notFound","service":"user-service"}
{"level":"info","message":"Executing middleware response","service":"user-service"}
{"level":"info","message":"Executing middleware context","service":"user-service"}
{"level":"info","message":"Executing middleware userTokenVerify","service":"user-service"}
{"level":"info","message":"Executing middleware isAdmin","service":"user-service"}
{"level":"info","message":"Executing middleware auth","service":"user-service"}
{"level":"info","message":"Executing middleware context","service":"user-service"}
{"level":"info","message":"Executing middleware userTokenVerify","service":"user-service"}
{"level":"info","message":"Executing middleware isAdmin","service":"user-service"}
{"level":"info","message":"Executing middleware auth","service":"user-service"}
{"level":"info","message":"Executing middleware index","service":"user-service"}
{"level":"info","message":"Executing middleware bodyParser","service":"user-service"}
{"level":"info","message":"Executing middleware buildQuery","service":"user-service"}
{"level":"info","message":"Executing middleware graphql","service":"user-service"}
{"level":"info","message":"Executing middleware notification","service":"user-service"}
{"level":"info","message":"Executing middleware notFound","service":"user-service"}
{"level":"info","message":"Executing middleware response","service":"user-service"}
{"level":"info","message":"Executing middleware context","service":"user-service"}
{"level":"info","message":"Executing middleware bodyParser","service":"user-service"}
{"level":"info","message":"Executing middleware userTokenVerify","service":"user-service"}
{"level":"info","message":"Executing middleware demoAccountBlocking","service":"user-service"}
{"level":"info","message":"Executing middleware auth","service":"user-service"}
{"level":"info","message":"Executing middleware payloadValidate","service":"user-service"}
{"level":"info","message":"Executing middleware logIn","service":"user-service"}
{"level":"info","message":"Executing middleware context","service":"user-service"}
{"level":"info","message":"Executing middleware userTokenVerify","service":"user-service"}
{"level":"info","message":"Executing middleware isAdmin","service":"user-service"}
{"level":"info","message":"Executing middleware auth","service":"user-service"}
{"level":"info","message":"Executing middleware index","service":"user-service"}
{"level":"info","message":"Executing middleware bodyParser","service":"user-service"}
{"level":"info","message":"Executing middleware buildQuery","service":"user-service"}
{"level":"info","message":"Executing middleware graphql","service":"user-service"}
{"level":"info","message":"Executing middleware notification","service":"user-service"}
{"level":"info","message":"Executing middleware notFound","service":"user-service"}
{"level":"info","message":"Executing middleware response","service":"user-service"}
{"level":"info","message":"Executing middleware context","service":"user-service"}
{"level":"info","message":"Executing middleware userTokenVerify","service":"user-service"}
{"level":"info","message":"Executing middleware context","service":"user-service"}
{"level":"info","message":"Executing middleware userTokenVerify","service":"user-service"}
{"level":"info","message":"Executing middleware demoAccountBlocking","service":"user-service"}
{"level":"info","message":"Executing middleware auth","service":"user-service"}
{"level":"info","message":"Executing middleware payloadValidate","service":"user-service"}
{"level":"info","message":"Executing middleware loadData","service":"user-service"}
{"level":"info","message":"Executing middleware context","service":"user-service"}
{"level":"info","message":"Executing middleware userTokenVerify","service":"user-service"}
{"level":"info","message":"Executing middleware demoAccountBlocking","service":"user-service"}
{"level":"info","message":"Executing middleware auth","service":"user-service"}
{"level":"info","message":"Executing middleware payloadValidate","service":"user-service"}
{"level":"info","message":"Executing middleware loadData","service":"user-service"}
{"level":"info","message":"Executing middleware demoAccountBlocking","service":"user-service"}
{"level":"info","message":"Executing middleware auth","service":"user-service"}
{"level":"info","message":"Executing middleware payloadValidate","service":"user-service"}
{"level":"info","message":"Executing middleware loadData","service":"user-service"}
{"level":"info","message":"Executing middleware context","service":"user-service"}
{"level":"info","message":"Executing middleware userTokenVerify","service":"user-service"}
{"level":"info","message":"Executing middleware isAdmin","service":"user-service"}
{"level":"info","message":"Executing middleware auth","service":"user-service"}
{"level":"info","message":"Executing middleware index","service":"user-service"}
{"level":"info","message":"Executing middleware bodyParser","service":"user-service"}
{"level":"info","message":"Executing middleware buildQuery","service":"user-service"}
{"level":"info","message":"Executing middleware graphql","service":"user-service"}
{"level":"info","message":"Executing middleware notification","service":"user-service"}
{"level":"info","message":"Executing middleware notFound","service":"user-service"}
{"level":"info","message":"Executing middleware response","service":"user-service"}
{"level":"info","message":"Executing middleware context","service":"user-service"}
{"level":"info","message":"Executing middleware userTokenVerify","service":"user-service"}
{"level":"info","message":"Executing middleware isAdmin","service":"user-service"}
{"level":"info","message":"Executing middleware auth","service":"user-service"}
{"level":"info","message":"Executing middleware bodyParser","service":"user-service"}
{"level":"info","message":"Executing middleware index","service":"user-service"}
{"level":"info","message":"Executing middleware buildQuery","service":"user-service"}
{"level":"info","message":"Executing middleware graphql","service":"user-service"}
{"level":"info","message":"Executing middleware notification","service":"user-service"}
{"level":"info","message":"Executing middleware notFound","service":"user-service"}
{"level":"info","message":"Executing middleware response","service":"user-service"}
{"level":"info","message":"Executing middleware context","service":"user-service"}
{"level":"info","message":"Executing middleware userTokenVerify","service":"user-service"}
{"level":"info","message":"Executing middleware isAdmin","service":"user-service"}
{"level":"info","message":"Executing middleware auth","service":"user-service"}
{"level":"info","message":"Executing middleware index","service":"user-service"}
{"level":"info","message":"Executing middleware bodyParser","service":"user-service"}
{"level":"info","message":"Executing middleware buildQuery","service":"user-service"}
{"level":"info","message":"Executing middleware graphql","service":"user-service"}
{"level":"info","message":"Executing middleware notification","service":"user-service"}
{"level":"info","message":"Executing middleware notFound","service":"user-service"}
{"level":"info","message":"Executing middleware response","service":"user-service"}
{"level":"info","message":"Executing middleware context","service":"user-service"}
{"level":"info","message":"Executing middleware userTokenVerify","service":"user-service"}
{"level":"info","message":"Executing middleware context","service":"user-service"}
{"level":"info","message":"Executing middleware userTokenVerify","service":"user-service"}
{"level":"info","message":"Executing middleware demoAccountBlocking","service":"user-service"}
{"level":"info","message":"Executing middleware auth","service":"user-service"}
{"level":"info","message":"Executing middleware payloadValidate","service":"user-service"}
{"level":"info","message":"Executing middleware loadData","service":"user-service"}
{"level":"info","message":"Executing middleware demoAccountBlocking","service":"user-service"}
{"level":"info","message":"Executing middleware auth","service":"user-service"}
{"level":"info","message":"Executing middleware payloadValidate","service":"user-service"}
{"level":"info","message":"Executing middleware loadData","service":"user-service"}
{"level":"info","message":"Executing middleware context","service":"user-service"}
{"level":"info","message":"Executing middleware userTokenVerify","service":"user-service"}
{"level":"info","message":"Executing middleware demoAccountBlocking","service":"user-service"}
{"level":"info","message":"Executing middleware auth","service":"user-service"}
{"level":"info","message":"Executing middleware payloadValidate","service":"user-service"}
{"level":"info","message":"Executing middleware loadData","service":"user-service"}
{"level":"info","message":"Executing middleware context","service":"user-service"}
{"level":"info","message":"Executing middleware userTokenVerify","service":"user-service"}
{"level":"info","message":"Executing middleware context","service":"user-service"}
{"level":"info","message":"Executing middleware userTokenVerify","service":"user-service"}
{"level":"info","message":"Executing middleware isAdmin","service":"user-service"}
{"level":"info","message":"Executing middleware auth","service":"user-service"}
{"level":"info","message":"Executing middleware index","service":"user-service"}
{"level":"info","message":"Executing middleware bodyParser","service":"user-service"}
{"level":"info","message":"Executing middleware buildQuery","service":"user-service"}
{"level":"info","message":"Executing middleware graphql","service":"user-service"}
{"level":"info","message":"Executing middleware isAdmin","service":"user-service"}
{"level":"info","message":"Executing middleware auth","service":"user-service"}
{"level":"info","message":"Executing middleware index","service":"user-service"}
{"level":"info","message":"Executing middleware bodyParser","service":"user-service"}
{"level":"info","message":"Executing middleware buildQuery","service":"user-service"}
{"level":"info","message":"Executing middleware graphql","service":"user-service"}
{"level":"info","message":"Executing middleware notification","service":"user-service"}
{"level":"info","message":"Executing middleware notFound","service":"user-service"}
{"level":"info","message":"Executing middleware response","service":"user-service"}
{"level":"info","message":"Executing middleware notification","service":"user-service"}
{"level":"info","message":"Executing middleware notFound","service":"user-service"}
{"level":"info","message":"Executing middleware response","service":"user-service"}
{"level":"info","message":"Executing middleware context","service":"user-service"}
{"level":"info","message":"Executing middleware userTokenVerify","service":"user-service"}
{"level":"info","message":"Executing middleware demoAccountBlocking","service":"user-service"}
{"level":"info","message":"Executing middleware bodyParser","service":"user-service"}
{"level":"info","message":"Executing middleware auth","service":"user-service"}
{"level":"info","message":"Executing middleware payloadValidate","service":"user-service"}
{"level":"info","message":"Executing middleware graphql","service":"user-service"}
{"level":"info","message":"Executing middleware context","service":"user-service"}
{"level":"info","message":"Executing middleware userTokenVerify","service":"user-service"}
{"level":"info","message":"Executing middleware isAdmin","service":"user-service"}
{"level":"info","message":"Executing middleware auth","service":"user-service"}
{"level":"info","message":"Executing middleware index","service":"user-service"}
{"level":"info","message":"Executing middleware bodyParser","service":"user-service"}
{"level":"info","message":"Executing middleware buildQuery","service":"user-service"}
{"level":"info","message":"Executing middleware graphql","service":"user-service"}
{"level":"info","message":"Executing middleware notification","service":"user-service"}
{"level":"info","message":"Executing middleware notFound","service":"user-service"}
{"level":"info","message":"Executing middleware response","service":"user-service"}
{"level":"info","message":"Executing middleware context","service":"user-service"}
{"level":"info","message":"Executing middleware userTokenVerify","service":"user-service"}
{"level":"info","message":"Executing middleware context","service":"user-service"}
{"level":"info","message":"Executing middleware userTokenVerify","service":"user-service"}
{"level":"info","message":"Executing middleware isAdmin","service":"user-service"}
{"level":"info","message":"Executing middleware auth","service":"user-service"}
{"level":"info","message":"Executing middleware index","service":"user-service"}
{"level":"info","message":"Executing middleware bodyParser","service":"user-service"}
{"level":"info","message":"Executing middleware buildQuery","service":"user-service"}
{"level":"info","message":"Executing middleware graphql","service":"user-service"}
{"level":"info","message":"Executing middleware isAdmin","service":"user-service"}
{"level":"info","message":"Executing middleware auth","service":"user-service"}
{"level":"info","message":"Executing middleware index","service":"user-service"}
{"level":"info","message":"Executing middleware bodyParser","service":"user-service"}
{"level":"info","message":"Executing middleware buildQuery","service":"user-service"}
{"level":"info","message":"Executing middleware graphql","service":"user-service"}
{"level":"info","message":"Executing middleware notification","service":"user-service"}
{"level":"info","message":"Executing middleware notFound","service":"user-service"}
{"level":"info","message":"Executing middleware response","service":"user-service"}
{"level":"info","message":"Executing middleware notification","service":"user-service"}
{"level":"info","message":"Executing middleware notFound","service":"user-service"}
{"level":"info","message":"Executing middleware response","service":"user-service"}
{"level":"info","message":"Executing middleware context","service":"user-service"}
{"level":"info","message":"Executing middleware userTokenVerify","service":"user-service"}
{"level":"info","message":"Executing middleware isAdmin","service":"user-service"}
{"level":"info","message":"Executing middleware auth","service":"user-service"}
{"level":"info","message":"Executing middleware index","service":"user-service"}
{"level":"info","message":"Executing middleware bodyParser","service":"user-service"}
{"level":"info","message":"Executing middleware buildQuery","service":"user-service"}
{"level":"info","message":"Executing middleware graphql","service":"user-service"}
{"level":"info","message":"Executing middleware notification","service":"user-service"}
{"level":"info","message":"Executing middleware notFound","service":"user-service"}
{"level":"info","message":"Executing middleware response","service":"user-service"}
